==36999== Memcheck, a memory error detector
==36999== Copyright (C) 2002-2015, and GNU GPL'd, by Julian Seward et al.
==36999== Using Valgrind-3.11.0 and LibVEX; rerun with -h for copyright info
==36999== Command: ./dist/solution
==36999== 
==36999== 
==36999== HEAP SUMMARY:
==36999==     in use at exit: 112 bytes in 7 blocks
==36999==   total heap usage: 59 allocs, 52 frees, 10,240 bytes allocated
==36999== 
==36999== LEAK SUMMARY:
==36999==    definitely lost: 112 bytes in 7 blocks
==36999==    indirectly lost: 0 bytes in 0 blocks
==36999==      possibly lost: 0 bytes in 0 blocks
==36999==    still reachable: 0 bytes in 0 blocks
==36999==         suppressed: 0 bytes in 0 blocks
==36999== Rerun with --leak-check=full to see details of leaked memory
==36999== 
==36999== For counts of detected and suppressed errors, rerun with: -v
==36999== ERROR SUMMARY: 0 errors from 0 contexts (suppressed: 0 from 0)
